Using pre-set license
Built from '2021.3/staging' branch; Version is '2021.3.24f1 (cf10dcf7010d) revision 13570268'; Using compiler version '192829333'; Build Type 'Release'
OS: 'Windows 7  (6.1.0) 64bit Ultimate' Language: 'ru' Physical Memory: 8128 MB
BatchMode: 1, IsHumanControllingUs: 0, StartBugReporterOnCrash: 0, Is64bit: 1, IsPro: 1

COMMAND LINE ARGUMENTS:
E:\Games\UnityHub\Works\2021.3.24f1\Editor\Unity.exe
-adb2
-batchMode
-noUpm
-name
AssetImportWorker0
-projectPath
E:/Games/Projects/StrategyGame
-logFile
Logs/AssetImportWorker0.log
-srvPort
50195
Successfully changed project path to: E:/Games/Projects/StrategyGame
E:/Games/Projects/StrategyGame
[UnityMemory] Configuration Parameters - Can be set up in boot.config
    "memorysetup-bucket-allocator-granularity=16"
    "memorysetup-bucket-allocator-bucket-count=8"
    "memorysetup-bucket-allocator-block-size=33554432"
    "memorysetup-bucket-allocator-block-count=8"
    "memorysetup-main-allocator-block-size=16777216"
    "memorysetup-thread-allocator-block-size=16777216"
    "memorysetup-gfx-main-allocator-block-size=16777216"
    "memorysetup-gfx-thread-allocator-block-size=16777216"
    "memorysetup-cache-allocator-block-size=4194304"
    "memorysetup-typetree-allocator-block-size=2097152"
    "memorysetup-profiler-bucket-allocator-granularity=16"
    "memorysetup-profiler-bucket-allocator-bucket-count=8"
    "memorysetup-profiler-bucket-allocator-block-size=33554432"
    "memorysetup-profiler-bucket-allocator-block-count=8"
    "memorysetup-profiler-allocator-block-size=16777216"
    "memorysetup-profiler-editor-allocator-block-size=1048576"
    "memorysetup-temp-allocator-size-main=16777216"
    "memorysetup-job-temp-allocator-block-size=2097152"
    "memorysetup-job-temp-allocator-block-size-background=1048576"
    "memorysetup-job-temp-allocator-reduction-small-platforms=262144"
    "memorysetup-temp-allocator-size-background-worker=32768"
    "memorysetup-temp-allocator-size-job-worker=262144"
    "memorysetup-temp-allocator-size-preload-manager=33554432"
    "memorysetup-temp-allocator-size-nav-mesh-worker=65536"
    "memorysetup-temp-allocator-size-audio-worker=65536"
    "memorysetup-temp-allocator-size-cloud-worker=32768"
    "memorysetup-temp-allocator-size-gi-baking-worker=262144"
    "memorysetup-temp-allocator-size-gfx=262144"
Player connection [16552] Host "[IP] 192.168.0.101 [Port] 0 [Flags] 2 [Guid] 1246914011 [EditorId] 1246914011 [Version] 1048832 [Id] WindowsEditor(7,Морт-ПК) [Debug] 1 [PackageName] WindowsEditor [ProjectName] Editor" joined multi-casting on [225.0.0.222:54997]...

Player connection [16552] Host "[IP] 192.168.0.101 [Port] 0 [Flags] 2 [Guid] 1246914011 [EditorId] 1246914011 [Version] 1048832 [Id] WindowsEditor(7,Морт-ПК) [Debug] 1 [PackageName] WindowsEditor [ProjectName] Editor" joined alternative multi-casting on [225.0.0.222:34997]...

Refreshing native plugins compatible for Editor in 100.21 ms, found 3 plugins.
Preloading 0 native plugins for Editor in 0.00 ms.
Initialize engine version: 2021.3.24f1 (cf10dcf7010d)
[Subsystems] Discovering subsystems at path E:/Games/UnityHub/Works/2021.3.24f1/Editor/Data/Resources/UnitySubsystems
[Subsystems] Discovering subsystems at path E:/Games/Projects/StrategyGame/Assets
GfxDevice: creating device client; threaded=0; jobified=0
d3d11: CreateDXGIFactory2(...) not found, fallbacking to CreateDXGIFactory1(...).
d3d11: QueryInterface(IDXGIFactory5) failed (80004002).
Direct3D:
    Version:  Direct3D 11.0 [level 11.0]
    Renderer: NVIDIA GeForce GTX 1050 (ID=0x1c81)
    Vendor:   NVIDIA
    VRAM:     1958 MB
    Driver:   27.21.14.5671
Initialize mono
Mono path[0] = 'E:/Games/UnityHub/Works/2021.3.24f1/Editor/Data/Managed'
Mono path[1] = 'E:/Games/UnityHub/Works/2021.3.24f1/Editor/Data/MonoBleedingEdge/lib/mono/unityjit-win32'
Mono config path = 'E:/Games/UnityHub/Works/2021.3.24f1/Editor/Data/MonoBleedingEdge/etc'
Using monoOptions --debugger-agent=transport=dt_socket,embedding=1,server=y,suspend=n,address=127.0.0.1:56156
Begin MonoManager ReloadAssembly
Registering precompiled unity dll's ...
Register platform support module: E:/Games/UnityHub/Works/2021.3.24f1/Editor/Data/PlaybackEngines/WebGLSupport/UnityEditor.WebGL.Extensions.dll
Register platform support module: E:/Games/UnityHub/Works/2021.3.24f1/Editor/Data/PlaybackEngines/AndroidPlayer/UnityEditor.Android.Extensions.dll
Register platform support module: E:/Games/UnityHub/Works/2021.3.24f1/Editor/Data/PlaybackEngines/WindowsStandaloneSupport/UnityEditor.WindowsStandalone.Extensions.dll
Registered in 0.002038 seconds.
Native extension for WindowsStandalone target not found
Native extension for Android target not found
Android Extension - Scanning For ADB Devices 123 ms
Native extension for WebGL target not found
Refreshing native plugins compatible for Editor in 106.24 ms, found 3 plugins.
Preloading 0 native plugins for Editor in 0.00 ms.
Mono: successfully reloaded assembly
- Completed reload, in  0.769 seconds
Domain Reload Profiling:
	ReloadAssembly (770ms)
		BeginReloadAssembly (66ms)
			ExecutionOrderSort (0ms)
			DisableScriptedObjects (0ms)
			BackupInstance (0ms)
			ReleaseScriptingObjects (0ms)
			CreateAndSetChildDomain (1ms)
		EndReloadAssembly (622ms)
			LoadAssemblies (66ms)
			RebuildTransferFunctionScriptingTraits (0ms)
			SetupTypeCache (102ms)
			ReleaseScriptCaches (0ms)
			RebuildScriptCaches (28ms)
			SetupLoadedEditorAssemblies (445ms)
				LogAssemblyErrors (0ms)
				InitializePlatformSupportModulesInManaged (205ms)
				SetLoadedEditorAssemblies (0ms)
				RefreshPlugins (106ms)
				BeforeProcessingInitializeOnLoad (1ms)
				ProcessInitializeOnLoadAttributes (93ms)
				ProcessInitializeOnLoadMethodAttributes (40ms)
				AfterProcessingInitializeOnLoad (0ms)
				EditorAssembliesLoaded (0ms)
			ExecutionOrderSort2 (0ms)
			AwakeInstancesAfterBackupRestoration (0ms)
Platform modules already initialized, skipping
Registering precompiled user dll's ...
Registered in 0.003016 seconds.
Begin MonoManager ReloadAssembly
Symbol file LoadedFromMemory doesn't match image E:\Games\Projects\StrategyGame\Library\PackageCache\com.unity.visualscripting@1.8.0\Editor\VisualScripting.Core\Dependencies\YamlDotNet\Unity.VisualScripting.YamlDotNet.dll
Symbol file LoadedFromMemory doesn't match image E:\Games\Projects\StrategyGame\Library\PackageCache\com.unity.visualscripting@1.8.0\Editor\VisualScripting.Core\Dependencies\DotNetZip\Unity.VisualScripting.IonicZip.dll
Native extension for WindowsStandalone target not found
Native extension for Android target not found
Native extension for WebGL target not found
Refreshing native plugins compatible for Editor in 1.12 ms, found 3 plugins.
Preloading 0 native plugins for Editor in 0.00 ms.
Mono: successfully reloaded assembly
- Completed reload, in  1.196 seconds
Domain Reload Profiling:
	ReloadAssembly (1197ms)
		BeginReloadAssembly (104ms)
			ExecutionOrderSort (0ms)
			DisableScriptedObjects (6ms)
			BackupInstance (0ms)
			ReleaseScriptingObjects (0ms)
			CreateAndSetChildDomain (18ms)
		EndReloadAssembly (997ms)
			LoadAssemblies (82ms)
			RebuildTransferFunctionScriptingTraits (0ms)
			SetupTypeCache (332ms)
			ReleaseScriptCaches (1ms)
			RebuildScriptCaches (69ms)
			SetupLoadedEditorAssemblies (460ms)
				LogAssemblyErrors (0ms)
				InitializePlatformSupportModulesInManaged (31ms)
				SetLoadedEditorAssemblies (1ms)
				RefreshPlugins (1ms)
				BeforeProcessingInitializeOnLoad (100ms)
				ProcessInitializeOnLoadAttributes (302ms)
				ProcessInitializeOnLoadMethodAttributes (22ms)
				AfterProcessingInitializeOnLoad (3ms)
				EditorAssembliesLoaded (0ms)
			ExecutionOrderSort2 (0ms)
			AwakeInstancesAfterBackupRestoration (7ms)
Platform modules already initialized, skipping
========================================================================
Worker process is ready to serve import requests
Launched and connected shader compiler UnityShaderCompiler.exe after 0.03 seconds
Refreshing native plugins compatible for Editor in 0.66 ms, found 3 plugins.
Preloading 0 native plugins for Editor in 0.00 ms.
Unloading 3965 Unused Serialized files (Serialized files now loaded: 0)
Unloading 29 unused Assets / (116.2 KB). Loaded Objects now: 4424.
Memory consumption went from 143.3 MB to 143.2 MB.
Total: 3.686461 ms (FindLiveObjects: 0.348070 ms CreateObjectMapping: 0.278672 ms MarkObjects: 2.907152 ms  DeleteObjects: 0.150947 ms)

AssetImportParameters requested are different than current active one (requested -> active):
  custom:video-decoder-ogg-theora: a1e56fd34408186e4bbccfd4996cb3dc -> 
  custom:container-muxer-webm: aa71ff27fc2769a1b78a27578f13a17b -> 
  custom:container-demuxer-webm: 4f35f7cbe854078d1ac9338744f61a02 -> 
  custom:video-encoder-webm-vp8: eb34c28f22e8b96e1ab97ce403110664 -> 
  custom:audio-encoder-webm-vorbis: bf7c407c2cedff20999df2af8eb42d56 -> 
  custom:framework-win-MediaFoundation: 216162199b28c13a410421893ffa2e32 -> 
  custom:container-demuxer-ogg: 62fdf1f143b41e24485cea50d1cbac27 -> 
  custom:video-decoder-webm-vp8: 9c59270c3fd7afecdb556c50c9e8de78 -> 
  custom:audio-decoder-ogg-vorbis: bf7c407c2cedff20999df2af8eb42d56 -> 
========================================================================
Received Import Request.
  Time since last request: 1999924.850931 seconds.
  path: Assets/_Root/Scripts/Abstractions/ICommandExecutor.cs
  artifactKey: Guid(611734d225d72254887cd6517abf113d) Importer(815301076,1909f56bfc062723c751e8b465ee728b)
Start importing Assets/_Root/Scripts/Abstractions/ICommandExecutor.cs using Guid(611734d225d72254887cd6517abf113d) Importer(815301076,1909f56bfc062723c751e8b465ee728b)  -> (artifact id: 'f35e1f85fcc7edb3b3897a19a9f984da') in 0.042870 seconds 
========================================================================
Received Import Request.
  Time since last request: 664.888529 seconds.
  path: Assets/_Root/Scripts/UserControlSystem/Ui/Model/UiModelInstaller.cs
  artifactKey: Guid(83a7a230d0fced142a105f6fd970475b) Importer(815301076,1909f56bfc062723c751e8b465ee728b)
Start importing Assets/_Root/Scripts/UserControlSystem/Ui/Model/UiModelInstaller.cs using Guid(83a7a230d0fced142a105f6fd970475b) Importer(815301076,1909f56bfc062723c751e8b465ee728b)  -> (artifact id: 'e24e55d32a53da8367a31188b01f2f09') in 0.026017 seconds 
========================================================================
Received Import Request.
  Time since last request: 2120.592454 seconds.
  path: Assets/_Root/Scripts/Core/CommandExecutors/MoveCommandExecutor.cs
  artifactKey: Guid(02fc15398448c784d8de95c106cf76c2) Importer(815301076,1909f56bfc062723c751e8b465ee728b)
Start importing Assets/_Root/Scripts/Core/CommandExecutors/MoveCommandExecutor.cs using Guid(02fc15398448c784d8de95c106cf76c2) Importer(815301076,1909f56bfc062723c751e8b465ee728b)  -> (artifact id: 'b8bd500fd0957d346e7a9e8dc649be87') in 0.002837 seconds 
========================================================================
Received Import Request.
  Time since last request: 375.177857 seconds.
  path: Assets/_Root/Scripts/UserControlSystem/Ui/Model/CommandCreators/CommandCreatorBase.cs
  artifactKey: Guid(aa996d4c6f065c54ebeb3021881955ba) Importer(815301076,1909f56bfc062723c751e8b465ee728b)
Start importing Assets/_Root/Scripts/UserControlSystem/Ui/Model/CommandCreators/CommandCreatorBase.cs using Guid(aa996d4c6f065c54ebeb3021881955ba) Importer(815301076,1909f56bfc062723c751e8b465ee728b)  -> (artifact id: '80f5ccb6f79438140d16dbab9b8e860a') in 0.016426 seconds 
========================================================================
Received Import Request.
  Time since last request: 21.718571 seconds.
  path: Assets/_Root/Scripts/UserControlSystem/Ui/Model/CommandCreators/CommandCreatorBase.cs
  artifactKey: Guid(aa996d4c6f065c54ebeb3021881955ba) Importer(815301076,1909f56bfc062723c751e8b465ee728b)
Start importing Assets/_Root/Scripts/UserControlSystem/Ui/Model/CommandCreators/CommandCreatorBase.cs using Guid(aa996d4c6f065c54ebeb3021881955ba) Importer(815301076,1909f56bfc062723c751e8b465ee728b)  -> (artifact id: '2b5a805f37b6cccbde714f856835fec9') in 0.002829 seconds 
========================================================================
Received Import Request.
  Time since last request: 135.402342 seconds.
  path: Assets/_Root/Scripts/UserControlSystem/Ui/View/CommandButtonsView.cs
  artifactKey: Guid(a64b195bdc51552428b1511d13c56319) Importer(815301076,1909f56bfc062723c751e8b465ee728b)
Start importing Assets/_Root/Scripts/UserControlSystem/Ui/View/CommandButtonsView.cs using Guid(a64b195bdc51552428b1511d13c56319) Importer(815301076,1909f56bfc062723c751e8b465ee728b)  -> (artifact id: '9703ff9b00f7cfe713cbb9cb98142d67') in 0.002852 seconds 
========================================================================
Received Import Request.
  Time since last request: 15.678533 seconds.
  path: Assets/_Root/Scripts/UserControlSystem/Ui/View/BottomCenterView.cs
  artifactKey: Guid(11f4ff2c662bb3a429000a77c13d5ff2) Importer(815301076,1909f56bfc062723c751e8b465ee728b)
Start importing Assets/_Root/Scripts/UserControlSystem/Ui/View/BottomCenterView.cs using Guid(11f4ff2c662bb3a429000a77c13d5ff2) Importer(815301076,1909f56bfc062723c751e8b465ee728b)  -> (artifact id: '7dfdb2d58d8dec19c30a4de3e51ff1ef') in 0.003435 seconds 
========================================================================
Received Import Request.
  Time since last request: 192.602455 seconds.
  path: Assets/_Root/Scripts/UserControlSystem/Ui/Presenter/MouseInteractionsPresenter.cs
  artifactKey: Guid(a7359966a0bde1041bdfa34cc41bd20a) Importer(815301076,1909f56bfc062723c751e8b465ee728b)
Start importing Assets/_Root/Scripts/UserControlSystem/Ui/Presenter/MouseInteractionsPresenter.cs using Guid(a7359966a0bde1041bdfa34cc41bd20a) Importer(815301076,1909f56bfc062723c751e8b465ee728b)  -> (artifact id: '14176636b8f2dd05c37aa449c95cf0e2') in 0.005028 seconds 
========================================================================
Received Import Request.
  Time since last request: 81.609553 seconds.
  path: Assets/_Root/Scripts/Core/CommandExecutorBase.cs
  artifactKey: Guid(11896188b18aaa645b70d0df0615f232) Importer(815301076,1909f56bfc062723c751e8b465ee728b)
Start importing Assets/_Root/Scripts/Core/CommandExecutorBase.cs using Guid(11896188b18aaa645b70d0df0615f232) Importer(815301076,1909f56bfc062723c751e8b465ee728b)  -> (artifact id: '5413d5b7828271ce20784882a0bcab24') in 0.022957 seconds 
========================================================================
Received Import Request.
  Time since last request: 32.746730 seconds.
  path: Assets/_Root/Scripts/Core/CommandExecutors/AttackCommandExecutor.cs
  artifactKey: Guid(9a76f96ce2318764bb3060f117c00ae3) Importer(815301076,1909f56bfc062723c751e8b465ee728b)
Start importing Assets/_Root/Scripts/Core/CommandExecutors/AttackCommandExecutor.cs using Guid(9a76f96ce2318764bb3060f117c00ae3) Importer(815301076,1909f56bfc062723c751e8b465ee728b)  -> (artifact id: '60dc90ce76f535abb1f7263faf909ab3') in 0.013258 seconds 
========================================================================
Received Import Request.
  Time since last request: 6.206033 seconds.
  path: Assets/_Root/Scripts/Core/CommandExecutors/PatrolCommandExecutor.cs
  artifactKey: Guid(0f39a3c8c0c516a4392a736664c2bc6d) Importer(815301076,1909f56bfc062723c751e8b465ee728b)
Start importing Assets/_Root/Scripts/Core/CommandExecutors/PatrolCommandExecutor.cs using Guid(0f39a3c8c0c516a4392a736664c2bc6d) Importer(815301076,1909f56bfc062723c751e8b465ee728b)  -> (artifact id: '0453f50572d2a0f967de3fa267097db5') in 0.006043 seconds 
========================================================================
Received Import Request.
  Time since last request: 4.112051 seconds.
  path: Assets/_Root/Scripts/Core/CommandExecutors/ProduceUnitCommandExecutor.cs
  artifactKey: Guid(9b80f860f97c11344ad58e8489cf3818) Importer(815301076,1909f56bfc062723c751e8b465ee728b)
Start importing Assets/_Root/Scripts/Core/CommandExecutors/ProduceUnitCommandExecutor.cs using Guid(9b80f860f97c11344ad58e8489cf3818) Importer(815301076,1909f56bfc062723c751e8b465ee728b)  -> (artifact id: '91d08ca14e7d33cb2f2eee97d515d83d') in 0.006878 seconds 
========================================================================
Received Import Request.
  Time since last request: 9.770388 seconds.
  path: Assets/_Root/Scripts/Core/CommandExecutors/StopCommandExecutor.cs
  artifactKey: Guid(62ddf52f625693c47aa7328a70fef351) Importer(815301076,1909f56bfc062723c751e8b465ee728b)
Start importing Assets/_Root/Scripts/Core/CommandExecutors/StopCommandExecutor.cs using Guid(62ddf52f625693c47aa7328a70fef351) Importer(815301076,1909f56bfc062723c751e8b465ee728b)  -> (artifact id: 'dc0d660fd9835dfaa9fc8d5d0c178518') in 0.006295 seconds 
========================================================================
Received Import Request.
  Time since last request: 21.780654 seconds.
  path: Assets/_Root/Scripts/Abstractions/ICommandsQueue.cs
  artifactKey: Guid(4cad0a418eaeb5042b83de952e083dcb) Importer(815301076,1909f56bfc062723c751e8b465ee728b)
Start importing Assets/_Root/Scripts/Abstractions/ICommandsQueue.cs using Guid(4cad0a418eaeb5042b83de952e083dcb) Importer(815301076,1909f56bfc062723c751e8b465ee728b)  -> (artifact id: '631362c2c448e23aa60db957ebca473b') in 0.001553 seconds 
========================================================================
Received Import Request.
  Time since last request: 10.641885 seconds.
  path: Assets/_Root/Scripts/Abstractions/ICommandsQueue.cs
  artifactKey: Guid(4cad0a418eaeb5042b83de952e083dcb) Importer(815301076,1909f56bfc062723c751e8b465ee728b)
Start importing Assets/_Root/Scripts/Abstractions/ICommandsQueue.cs using Guid(4cad0a418eaeb5042b83de952e083dcb) Importer(815301076,1909f56bfc062723c751e8b465ee728b)  -> (artifact id: 'fe1229b53713bc620c77be96be7bf3f2') in 0.001734 seconds 
========================================================================
Received Import Request.
  Time since last request: 341.932584 seconds.
  path: Assets/_Root/Scripts/Core/ChomperCommandsQueue.cs
  artifactKey: Guid(acc35db2cc2b17e469765b28eb8bac79) Importer(815301076,1909f56bfc062723c751e8b465ee728b)
Start importing Assets/_Root/Scripts/Core/ChomperCommandsQueue.cs using Guid(acc35db2cc2b17e469765b28eb8bac79) Importer(815301076,1909f56bfc062723c751e8b465ee728b)  -> (artifact id: 'bc8f84bcb88980c7e65930438579569c') in 0.001866 seconds 
========================================================================
Received Import Request.
  Time since last request: 74.780039 seconds.
  path: Assets/_Root/Scripts/Utils/UniRxExtensions.cs
  artifactKey: Guid(b7412ea3fcaac594080b24c81e0592be) Importer(815301076,1909f56bfc062723c751e8b465ee728b)
Start importing Assets/_Root/Scripts/Utils/UniRxExtensions.cs using Guid(b7412ea3fcaac594080b24c81e0592be) Importer(815301076,1909f56bfc062723c751e8b465ee728b)  -> (artifact id: '2df9949a6379c6d965846f541d5553b4') in 0.011505 seconds 
========================================================================
Received Import Request.
  Time since last request: 18.817943 seconds.
  path: Assets/_Root/Scripts/Utils/UniRxExtensions.cs
  artifactKey: Guid(b7412ea3fcaac594080b24c81e0592be) Importer(815301076,1909f56bfc062723c751e8b465ee728b)
Start importing Assets/_Root/Scripts/Utils/UniRxExtensions.cs using Guid(b7412ea3fcaac594080b24c81e0592be) Importer(815301076,1909f56bfc062723c751e8b465ee728b)  -> (artifact id: '8cc260d9ce5756b887635f228d093b72') in 0.002032 seconds 
========================================================================
Received Import Request.
  Time since last request: 125.302214 seconds.
  path: Assets/_Root/Scripts/Core/MainBuildingCommandQueue.cs
  artifactKey: Guid(418e8d56af0c2b643adf972b7b386d9d) Importer(815301076,1909f56bfc062723c751e8b465ee728b)
Start importing Assets/_Root/Scripts/Core/MainBuildingCommandQueue.cs using Guid(418e8d56af0c2b643adf972b7b386d9d) Importer(815301076,1909f56bfc062723c751e8b465ee728b)  -> (artifact id: '8c5ec6d35a8ce93931d0bd188b51d2b4') in 0.003102 seconds 
========================================================================
Received Import Request.
  Time since last request: 11.636214 seconds.
  path: Assets/_Root/Scripts/Core/MainBuildingCommandQueue.cs
  artifactKey: Guid(418e8d56af0c2b643adf972b7b386d9d) Importer(815301076,1909f56bfc062723c751e8b465ee728b)
Start importing Assets/_Root/Scripts/Core/MainBuildingCommandQueue.cs using Guid(418e8d56af0c2b643adf972b7b386d9d) Importer(815301076,1909f56bfc062723c751e8b465ee728b)  -> (artifact id: '6ce62db30eb66c6c29b760ba27c2129d') in 0.001661 seconds 
========================================================================
Received Import Request.
  Time since last request: 92.137177 seconds.
  path: Assets/_Root/Scripts/Core/Core.asmdef
  artifactKey: Guid(47e17cb1311e06b42b40b1cc52c0eb9d) Importer(815301076,1909f56bfc062723c751e8b465ee728b)
Start importing Assets/_Root/Scripts/Core/Core.asmdef using Guid(47e17cb1311e06b42b40b1cc52c0eb9d) Importer(815301076,1909f56bfc062723c751e8b465ee728b)  -> (artifact id: '54bb4411c40891c965cf2a60da3295d0') in 0.023589 seconds 
